This is pdfTeX, Version 3.141592653-2.6-1.40.29 (TeX Live 2026) (preloaded format=pdflatex 2026.3.27)  29 APR 2026 20:09
entering extended mode
 restricted \write18 enabled.
 %&-line parsing enabled.
**iclr2025_conference.tex
(./iclr2025_conference.tex
LaTeX2e <2025-11-01>
L3 programming layer <2026-01-19>
(/usr/local/texlive/2026basic/texmf-dist/tex/latex/base/article.cls
Document Class: article 2025/01/22 v1.4n Standard LaTeX document class
(/usr/local/texlive/2026basic/texmf-dist/tex/latex/base/size10.clo
File: size10.clo 2025/01/22 v1.4n Standard LaTeX file (size option)
)
\c@part=\count275
\c@section=\count276
\c@subsection=\count277
\c@subsubsection=\count278
\c@paragraph=\count279
\c@subparagraph=\count280
\c@figure=\count281
\c@table=\count282
\abovecaptionskip=\skip49
\belowcaptionskip=\skip50
\bibindent=\dimen148
)
(./iclr2025_conference.sty
(/usr/local/texlive/2026basic/texmf-dist/tex/latex/eso-pic/eso-pic.sty
Package: eso-pic 2025/12/10 v3.0d eso-pic (RN)
\ESO@tempdima=\dimen149
\ESO@tempdimb=\dimen150

(/usr/local/texlive/2026basic/texmf-dist/tex/latex/graphics/keyval.sty
Package: keyval 2022/05/29 v1.15 key=value parser (DPC)
\KV@toks@=\toks17
)
(/usr/local/texlive/2026basic/texmf-dist/tex/latex/xcolor/xcolor.sty
Package: xcolor 2024/09/29 v3.02 LaTeX color extensions (UK)

(/usr/local/texlive/2026basic/texmf-dist/tex/latex/graphics-cfg/color.cfg
File: color.cfg 2016/01/02 v1.6 sample color configuration
)
Package xcolor Info: Driver file: pdftex.def on input line 274.

(/usr/local/texlive/2026basic/texmf-dist/tex/latex/graphics-def/pdftex.def
File: pdftex.def 2025/09/29 v1.2d Graphics/color driver for pdftex
)
(/usr/local/texlive/2026basic/texmf-dist/tex/latex/graphics/mathcolor.ltx)
Package xcolor Info: Model `cmy' substituted by `cmy0' on input line 1349.
Package xcolor Info: Model `hsb' substituted by `rgb' on input line 1353.
Package xcolor Info: Model `RGB' extended on input line 1365.
Package xcolor Info: Model `HTML' substituted by `rgb' on input line 1367.
Package xcolor Info: Model `Hsb' substituted by `hsb' on input line 1368.
Package xcolor Info: Model `tHsb' substituted by `hsb' on input line 1369.
Package xcolor Info: Model `HSB' substituted by `hsb' on input line 1370.
Package xcolor Info: Model `Gray' substituted by `gray' on input line 1371.
Package xcolor Info: Model `wave' substituted by `hsb' on input line 1372.
))
(./fancyhdr.sty
\fancy@headwidth=\skip51
\f@ncyO@elh=\skip52
\f@ncyO@erh=\skip53
\f@ncyO@olh=\skip54
\f@ncyO@orh=\skip55
\f@ncyO@elf=\skip56
\f@ncyO@erf=\skip57
\f@ncyO@olf=\skip58
\f@ncyO@orf=\skip59
) (./natbib.sty
Package: natbib 2009/07/16 8.31 (PWD, AO)
\bibhang=\skip60
\bibsep=\skip61
LaTeX Info: Redefining \cite on input line 694.
\c@NAT@ctr=\count283
)
! Font \iclrtenhv=phvb at 8.0pt not loadable: Metric (TFM) file not found.
l.32 \font\iclrtenhv  = phvb at 8pt
                                   
I wasn't able to read the size data for this font,
so I will ignore the font specification.
[Wizards can fix TFM files using TFtoPL/PLtoTF.]
You might try inserting a different font spec;
e.g., type `I\font<same font id>=<substitute font name>'.

\iclrrulerbox=\box53
\iclrrulercount=\count284
\iclrruleroffset=\dimen151
\cv@lineheight=\dimen152
\cv@boxheight=\dimen153
\cv@tmpbox=\box54
\cv@refno=\count285
\cv@tot=\count286
\cv@tmpc@=\count287
\cv@tmpc=\count288
) (/usr/local/texlive/2026basic/texmf-dist/tex/latex/psnfss/times.sty
Package: times 2020/03/25 PSNFSS-v9.3 (SPQR) 
)
(./math_commands.tex
(/usr/local/texlive/2026basic/texmf-dist/tex/latex/amsmath/amsmath.sty
Package: amsmath 2025/07/09 v2.17z AMS math features
\@mathmargin=\skip62

For additional information on amsmath, use the `?' option.
(/usr/local/texlive/2026basic/texmf-dist/tex/latex/amsmath/amstext.sty
Package: amstext 2024/11/17 v2.01 AMS text

(/usr/local/texlive/2026basic/texmf-dist/tex/latex/amsmath/amsgen.sty
File: amsgen.sty 1999/11/30 v2.0 generic functions
\@emptytoks=\toks18
\ex@=\dimen154
))
(/usr/local/texlive/2026basic/texmf-dist/tex/latex/amsmath/amsbsy.sty
Package: amsbsy 1999/11/29 v1.2d Bold Symbols
\pmbraise@=\dimen155
)
(/usr/local/texlive/2026basic/texmf-dist/tex/latex/amsmath/amsopn.sty
Package: amsopn 2022/04/08 v2.04 operator names
)
\inf@bad=\count289
LaTeX Info: Redefining \frac on input line 233.
\uproot@=\count290
\leftroot@=\count291
LaTeX Info: Redefining \overline on input line 398.
LaTeX Info: Redefining \colon on input line 409.
\classnum@=\count292
\DOTSCASE@=\count293
LaTeX Info: Redefining \ldots on input line 495.
LaTeX Info: Redefining \dots on input line 498.
LaTeX Info: Redefining \cdots on input line 619.
\Mathstrutbox@=\box55
\strutbox@=\box56
LaTeX Info: Redefining \big on input line 721.
LaTeX Info: Redefining \Big on input line 722.
LaTeX Info: Redefining \bigg on input line 723.
LaTeX Info: Redefining \Bigg on input line 724.
\big@size=\dimen156
LaTeX Font Info:    Redeclaring font encoding OML on input line 742.
LaTeX Font Info:    Redeclaring font encoding OMS on input line 743.
\macc@depth=\count294
LaTeX Info: Redefining \bmod on input line 904.
LaTeX Info: Redefining \pmod on input line 909.
LaTeX Info: Redefining \smash on input line 939.
LaTeX Info: Redefining \relbar on input line 969.
LaTeX Info: Redefining \Relbar on input line 970.
\c@MaxMatrixCols=\count295
\dotsspace@=\muskip17
\c@parentequation=\count296
\dspbrk@lvl=\count297
\tag@help=\toks19
\row@=\count298
\column@=\count299
\maxfields@=\count300
\andhelp@=\toks20
\eqnshift@=\dimen157
\alignsep@=\dimen158
\tagshift@=\dimen159
\tagwidth@=\dimen160
\totwidth@=\dimen161
\lineht@=\dimen162
\@envbody=\toks21
\multlinegap=\skip63
\multlinetaggap=\skip64
\mathdisplay@stack=\toks22
LaTeX Info: Redefining \[ on input line 2950.
LaTeX Info: Redefining \] on input line 2951.
)
(/usr/local/texlive/2026basic/texmf-dist/tex/latex/amsfonts/amsfonts.sty
Package: amsfonts 2013/01/14 v3.01 Basic AMSFonts support
\symAMSa=\mathgroup4
\symAMSb=\mathgroup5
LaTeX Font Info:    Redeclaring math symbol \hbar on input line 98.
LaTeX Font Info:    Overwriting math alphabet `\mathfrak' in version `bold'
(Font)                  U/euf/m/n --> U/euf/b/n on input line 106.
)
(/usr/local/texlive/2026basic/texmf-dist/tex/latex/tools/bm.sty
Package: bm 2025/10/21 v1.2g Bold Symbol Support (DPC/FMi)
\symboldoperators=\mathgroup6
\symboldletters=\mathgroup7
\symboldsymbols=\mathgroup8
Package bm Info: No bold for \OMX/cmex/m/n, using \pmb.
Package bm Info: No bold for \U/msa/m/n, using \pmb.
Package bm Info: No bold for \U/msb/m/n, using \pmb.
LaTeX Font Info:    Redeclaring math alphabet \mathbf on input line 149.
)
LaTeX Font Info:    Overwriting math alphabet `\mathsfit' in version `bold'
(Font)                  OT1/phv/m/sl --> OT1/phv/bx/n on input line 314.
)
(/usr/local/texlive/2026basic/texmf-dist/tex/latex/hyperref/hyperref.sty
Package: hyperref 2026-01-29 v7.01p Hypertext links for LaTeX

(/usr/local/texlive/2026basic/texmf-dist/tex/generic/iftex/iftex.sty
Package: iftex 2024/12/12 v1.0g TeX engine tests
)
(/usr/local/texlive/2026basic/texmf-dist/tex/latex/kvsetkeys/kvsetkeys.sty
Package: kvsetkeys 2022-10-05 v1.19 Key value parser (HO)
)
(/usr/local/texlive/2026basic/texmf-dist/tex/generic/kvdefinekeys/kvdefinekeys.
sty
Package: kvdefinekeys 2019-12-19 v1.6 Define keys (HO)
)
(/usr/local/texlive/2026basic/texmf-dist/tex/generic/pdfescape/pdfescape.sty
Package: pdfescape 2019/12/09 v1.15 Implements pdfTeX's escape features (HO)

(/usr/local/texlive/2026basic/texmf-dist/tex/generic/ltxcmds/ltxcmds.sty
Package: ltxcmds 2023-12-04 v1.26 LaTeX kernel commands for general use (HO)
)
(/usr/local/texlive/2026basic/texmf-dist/tex/generic/pdftexcmds/pdftexcmds.sty
Package: pdftexcmds 2020-06-27 v0.33 Utility functions of pdfTeX for LuaTeX (HO
)

(/usr/local/texlive/2026basic/texmf-dist/tex/generic/infwarerr/infwarerr.sty
Package: infwarerr 2019/12/03 v1.5 Providing info/warning/error messages (HO)
)
Package pdftexcmds Info: \pdf@primitive is available.
Package pdftexcmds Info: \pdf@ifprimitive is available.
Package pdftexcmds Info: \pdfdraftmode found.
)) (/usr/local/texlive/2026basic/texmf-dist/tex/latex/hycolor/hycolor.sty
Package: hycolor 2020-01-27 v1.10 Color options for hyperref/bookmark (HO)
)
(/usr/local/texlive/2026basic/texmf-dist/tex/latex/hyperref/nameref.sty
Package: nameref 2026-01-29 v2.58 Cross-referencing by name of section

(/usr/local/texlive/2026basic/texmf-dist/tex/latex/refcount/refcount.sty
Package: refcount 2019/12/15 v3.6 Data extraction from label references (HO)
)
(/usr/local/texlive/2026basic/texmf-dist/tex/generic/gettitlestring/gettitlestr
ing.sty
Package: gettitlestring 2019/12/15 v1.6 Cleanup title references (HO)

(/usr/local/texlive/2026basic/texmf-dist/tex/latex/kvoptions/kvoptions.sty
Package: kvoptions 2022-06-15 v3.15 Key value format for package options (HO)
))
\c@section@level=\count301
)
(/usr/local/texlive/2026basic/texmf-dist/tex/latex/etoolbox/etoolbox.sty
Package: etoolbox 2025/10/02 v2.5m e-TeX tools for LaTeX (JAW)
\etb@tempcnta=\count302
)
(/usr/local/texlive/2026basic/texmf-dist/tex/generic/stringenc/stringenc.sty
Package: stringenc 2019/11/29 v1.12 Convert strings between diff. encodings (HO
)
)
\@linkdim=\dimen163
\Hy@linkcounter=\count303
\Hy@pagecounter=\count304

(/usr/local/texlive/2026basic/texmf-dist/tex/latex/hyperref/pd1enc.def
File: pd1enc.def 2026-01-29 v7.01p Hyperref: PDFDocEncoding definition (HO)
Now handling font encoding PD1 ...
... no UTF-8 mapping file for font encoding PD1
)
(/usr/local/texlive/2026basic/texmf-dist/tex/generic/intcalc/intcalc.sty
Package: intcalc 2019/12/15 v1.3 Expandable calculations with integers (HO)
)
\Hy@SavedSpaceFactor=\count305

(/usr/local/texlive/2026basic/texmf-dist/tex/latex/hyperref/puenc.def
File: puenc.def 2026-01-29 v7.01p Hyperref: PDF Unicode definition (HO)
Now handling font encoding PU ...
... no UTF-8 mapping file for font encoding PU
)
Package hyperref Info: Hyper figures OFF on input line 4201.
Package hyperref Info: Link nesting OFF on input line 4206.
Package hyperref Info: Hyper index ON on input line 4209.
Package hyperref Info: Plain pages OFF on input line 4216.
Package hyperref Info: Backreferencing OFF on input line 4221.
Package hyperref Info: Implicit mode ON; LaTeX internals redefined.
Package hyperref Info: Bookmarks ON on input line 4468.
\c@Hy@tempcnt=\count306

(/usr/local/texlive/2026basic/texmf-dist/tex/latex/url/url.sty
\Urlmuskip=\muskip18
Package: url 2013/09/16  ver 3.4  Verb mode for urls, etc.
)
LaTeX Info: Redefining \url on input line 4807.
\XeTeXLinkMargin=\dimen164

(/usr/local/texlive/2026basic/texmf-dist/tex/generic/bitset/bitset.sty
Package: bitset 2019/12/09 v1.3 Handle bit-vector datatype (HO)

(/usr/local/texlive/2026basic/texmf-dist/tex/generic/bigintcalc/bigintcalc.sty
Package: bigintcalc 2019/12/15 v1.5 Expandable calculations on big integers (HO
)
))
\Fld@menulength=\count307
\Field@Width=\dimen165
\Fld@charsize=\dimen166
Package hyperref Info: Hyper figures OFF on input line 6084.
Package hyperref Info: Link nesting OFF on input line 6089.
Package hyperref Info: Hyper index ON on input line 6092.
Package hyperref Info: backreferencing OFF on input line 6099.
Package hyperref Info: Link coloring OFF on input line 6104.
Package hyperref Info: Link coloring with OCG OFF on input line 6109.
Package hyperref Info: PDF/A mode OFF on input line 6114.
\Hy@abspage=\count308
\c@Item=\count309
\c@Hfootnote=\count310
)
Package hyperref Info: Driver (autodetected): hpdftex.
 (/usr/local/texlive/2026basic/texmf-dist/tex/latex/hyperref/hpdftex.def
File: hpdftex.def 2026-01-29 v7.01p Hyperref driver for pdfTeX
\Fld@listcount=\count311
\c@bookmark@seq@number=\count312

(/usr/local/texlive/2026basic/texmf-dist/tex/latex/rerunfilecheck/rerunfilechec
k.sty
Package: rerunfilecheck 2025-06-21 v1.11 Rerun checks for auxiliary files (HO)

(/usr/local/texlive/2026basic/texmf-dist/tex/generic/uniquecounter/uniquecounte
r.sty
Package: uniquecounter 2019/12/15 v1.4 Provide unlimited unique counter (HO)
)
Package uniquecounter Info: New unique counter `rerunfilecheck' on input line 2
84.
)
\Hy@SectionHShift=\skip65
)
(/usr/local/texlive/2026basic/texmf-dist/tex/latex/graphics/graphicx.sty
Package: graphicx 2024/12/31 v1.2e Enhanced LaTeX Graphics (DPC,SPQR)

(/usr/local/texlive/2026basic/texmf-dist/tex/latex/graphics/graphics.sty
Package: graphics 2024/08/06 v1.4g Standard LaTeX Graphics (DPC,SPQR)

(/usr/local/texlive/2026basic/texmf-dist/tex/latex/graphics/trig.sty
Package: trig 2023/12/02 v1.11 sin cos tan (DPC)
)
(/usr/local/texlive/2026basic/texmf-dist/tex/latex/graphics-cfg/graphics.cfg
File: graphics.cfg 2016/06/04 v1.11 sample graphics configuration
)
Package graphics Info: Driver file: pdftex.def on input line 106.
)
\Gin@req@height=\dimen167
\Gin@req@width=\dimen168
) (/usr/local/texlive/2026basic/texmf-dist/tex/latex/booktabs/booktabs.sty
Package: booktabs 2020/01/12 v1.61803398 Publication quality tables
\heavyrulewidth=\dimen169
\lightrulewidth=\dimen170
\cmidrulewidth=\dimen171
\belowrulesep=\dimen172
\belowbottomsep=\dimen173
\aboverulesep=\dimen174
\abovetopsep=\dimen175
\cmidrulesep=\dimen176
\cmidrulekern=\dimen177
\defaultaddspace=\dimen178
\@cmidla=\count313
\@cmidlb=\count314
\@aboverulesep=\dimen179
\@belowrulesep=\dimen180
\@thisruleclass=\count315
\@lastruleclass=\count316
\@thisrulewidth=\dimen181
)
LaTeX Font Info:    Trying to load font information for OT1+ptm on input line 2
7.

(/usr/local/texlive/2026basic/texmf-dist/tex/latex/psnfss/ot1ptm.fd
File: ot1ptm.fd 2001/06/04 font definitions for OT1/ptm.
)
(/usr/local/texlive/2026basic/texmf-dist/tex/latex/l3backend/l3backend-pdftex.d
ef
File: l3backend-pdftex.def 2025-10-09 L3 backend support: PDF output (pdfTeX)
\l__color_backend_stack_int=\count317
) (./iclr2025_conference.aux)
\openout1 = `iclr2025_conference.aux'.

LaTeX Font Info:    Checking defaults for OML/cmm/m/it on input line 27.
LaTeX Font Info:    ... okay on input line 27.
LaTeX Font Info:    Checking defaults for OMS/cmsy/m/n on input line 27.
LaTeX Font Info:    ... okay on input line 27.
LaTeX Font Info:    Checking defaults for OT1/cmr/m/n on input line 27.
LaTeX Font Info:    ... okay on input line 27.
LaTeX Font Info:    Checking defaults for T1/cmr/m/n on input line 27.
LaTeX Font Info:    ... okay on input line 27.
LaTeX Font Info:    Checking defaults for TS1/cmr/m/n on input line 27.
LaTeX Font Info:    ... okay on input line 27.
LaTeX Font Info:    Checking defaults for OMX/cmex/m/n on input line 27.
LaTeX Font Info:    ... okay on input line 27.
LaTeX Font Info:    Checking defaults for U/cmr/m/n on input line 27.
LaTeX Font Info:    ... okay on input line 27.
LaTeX Font Info:    Checking defaults for PD1/pdf/m/n on input line 27.
LaTeX Font Info:    ... okay on input line 27.
LaTeX Font Info:    Checking defaults for PU/pdf/m/n on input line 27.
LaTeX Font Info:    ... okay on input line 27.

(/usr/local/texlive/2026basic/texmf-dist/tex/context/base/mkii/supp-pdf.mkii
[Loading MPS to PDF converter (version 2006.09.02).]
\scratchcounter=\count318
\scratchdimen=\dimen182
\scratchbox=\box57
\nofMPsegments=\count319
\nofMParguments=\count320
\everyMPshowfont=\toks23
\MPscratchCnt=\count321
\MPscratchDim=\dimen183
\MPnumerator=\count322
\makeMPintoPDFobject=\count323
\everyMPtoPDFconversion=\toks24
)
(/usr/local/texlive/2026basic/texmf-dist/tex/latex/epstopdf-pkg/epstopdf-base.s
ty
Package: epstopdf-base 2020-01-24 v2.11 Base part for package epstopdf
Package epstopdf-base Info: Redefining graphics rule for `.eps' on input line 4
85.

(/usr/local/texlive/2026basic/texmf-dist/tex/latex/latexconfig/epstopdf-sys.cfg
File: epstopdf-sys.cfg 2010/07/13 v1.3 Configuration of (r)epstopdf for TeX Liv
e
))
Package hyperref Info: Link coloring OFF on input line 27.
 (./iclr2025_conference.out) (./iclr2025_conference.out)
\@outlinefile=\write3
\openout3 = `iclr2025_conference.out'.


Underfull \hbox (badness 10000) in paragraph at lines 30--30
[]\OT1/ptm/m/sc/17.28 End-To-End Mem-ory Net-works: Re-
 []

LaTeX Font Info:    Trying to load font information for U+msa on input line 30.

(/usr/local/texlive/2026basic/texmf-dist/tex/latex/amsfonts/umsa.fd
File: umsa.fd 2013/01/14 v3.01 AMS symbols A
)
LaTeX Font Info:    Trying to load font information for U+msb on input line 30.


(/usr/local/texlive/2026basic/texmf-dist/tex/latex/amsfonts/umsb.fd
File: umsb.fd 2013/01/14 v3.01 AMS symbols B
) [1{/usr/local/texlive/2026basic/texmf-var/fonts/map/pdftex/updmap/pdftex.map}
{/usr/local/texlive/2026basic/texmf-dist/fonts/enc/dvips/base/8r.enc}

]
<images/MemN2N_scheme.png, id=87, 944.52875pt x 1024.82875pt>
File: images/MemN2N_scheme.png Graphic file (type png)
<use images/MemN2N_scheme.png>
Package pdftex.def Info: images/MemN2N_scheme.png  used on input line 84.
(pdftex.def)             Requested size: 310.0378pt x 336.39621pt.


LaTeX Warning: `h' float specifier changed to `ht'.

[2]
Underfull \vbox (badness 8038) has occurred while \output is active []

 [3 <./images/MemN2N_scheme.png>]
LaTeX Font Info:    Trying to load font information for OT1+pcr on input line 1
16.

(/usr/local/texlive/2026basic/texmf-dist/tex/latex/psnfss/ot1pcr.fd
File: ot1pcr.fd 2001/06/04 font definitions for OT1/pcr.
)
<images/EDA_bAbI.png, id=122, 974.1996pt x 800.0289pt>
File: images/EDA_bAbI.png Graphic file (type png)
<use images/EDA_bAbI.png>
Package pdftex.def Info: images/EDA_bAbI.png  used on input line 129.
(pdftex.def)             Requested size: 349.78873pt x 287.25333pt.
 [4 <./images/EDA_bAbI.png>]

LaTeX Warning: `h' float specifier changed to `ht'.

<images/baseline_comparison.png, id=137, 1148.3703pt x 711.8595pt>
File: images/baseline_comparison.png Graphic file (type png)
<use images/baseline_comparison.png>
Package pdftex.def Info: images/baseline_comparison.png  used on input line 234
.
(pdftex.def)             Requested size: 349.78873pt x 216.82898pt.

LaTeX Warning: `h' float specifier changed to `ht'.

<images/training_baseline.png, id=139, 1003.8303pt x 322.3242pt>
File: images/training_baseline.png Graphic file (type png)
<use images/training_baseline.png>
Package pdftex.def Info: images/training_baseline.png  used on input line 244.
(pdftex.def)             Requested size: 349.78873pt x 112.31349pt.

LaTeX Warning: `h' float specifier changed to `ht'.

[5]
Underfull \vbox (badness 2707) has occurred while \output is active []

 [6 <./images/baseline_comparison.png>]
<images/output.png, id=166, 1003.8303pt x 322.3242pt>
File: images/output.png Graphic file (type png)
<use images/output.png>
Package pdftex.def Info: images/output.png  used on input line 278.
(pdftex.def)             Requested size: 365.68546pt x 117.41866pt.
 [7 <./images/training_baseline.png> <./images/output.png>]
<images/attention_semi_supervised.png, id=179, 927.9468pt x 289.8027pt>
File: images/attention_semi_supervised.png Graphic file (type png)
<use images/attention_semi_supervised.png>
Package pdftex.def Info: images/attention_semi_supervised.png  used on input li
ne 289.
(pdftex.def)             Requested size: 357.73405pt x 111.72252pt.
 [8 <./images/attention_semi_supervised.png>] (./iclr2025_conference.bbl
Underfull \hbox (badness 1436) in paragraph at lines 41--44
[]\OT1/ptm/m/n/10 Jason We-ston, Sumit Chopra, and An-toine Bor-des.  Mem-ory n
et-works.  \OT1/ptm/m/it/10 arXiv preprint
 []

) [9] (./iclr2025_conference.aux)
 ***********
LaTeX2e <2025-11-01>
L3 programming layer <2026-01-19>
 ***********
Package rerunfilecheck Info: File `iclr2025_conference.out' has not changed.
(rerunfilecheck)             Checksum: 576E83DF933D91E02293B38A89E0C121;1539.
 ) 
Here is how much of TeX's memory you used:
 11210 strings out of 469006
 165878 string characters out of 5454813
 602612 words of memory out of 5000000
 39675 multiletter control sequences out of 15000+600000
 657258 words of font info for 101 fonts, out of 8000000 for 9000
 319 hyphenation exceptions out of 8191
 75i,12n,90p,1276b,529s stack positions out of 10000i,1000n,20000p,200000b,200000s
</usr/local/texlive/2026basic/texmf-dist/fonts/type1/public/amsfonts/cm/cmex1
0.pfb></usr/local/texlive/2026basic/texmf-dist/fonts/type1/public/amsfonts/cm/c
mmi10.pfb></usr/local/texlive/2026basic/texmf-dist/fonts/type1/public/amsfonts/
cm/cmmi7.pfb></usr/local/texlive/2026basic/texmf-dist/fonts/type1/public/amsfon
ts/cm/cmr10.pfb></usr/local/texlive/2026basic/texmf-dist/fonts/type1/public/ams
fonts/cm/cmr7.pfb></usr/local/texlive/2026basic/texmf-dist/fonts/type1/public/a
msfonts/cm/cmsy10.pfb></usr/local/texlive/2026basic/texmf-dist/fonts/type1/publ
ic/amsfonts/cm/cmsy6.pfb></usr/local/texlive/2026basic/texmf-dist/fonts/type1/p
ublic/amsfonts/cm/cmsy7.pfb></usr/local/texlive/2026basic/texmf-dist/fonts/type
1/urw/courier/ucrr8a.pfb></usr/local/texlive/2026basic/texmf-dist/fonts/type1/u
rw/times/utmb8a.pfb></usr/local/texlive/2026basic/texmf-dist/fonts/type1/urw/ti
mes/utmr8a.pfb></usr/local/texlive/2026basic/texmf-dist/fonts/type1/urw/times/u
tmri8a.pfb>
Output written on iclr2025_conference.pdf (9 pages, 559241 bytes).
PDF statistics:
 267 PDF objects out of 1000 (max. 8388607)
 213 compressed objects within 3 object streams
 61 named destinations out of 1000 (max. 500000)
 119 words of extra memory for PDF output out of 10000 (max. 10000000)

